2021-12-01 11:03:12 [32minfo[39m: server is running on 5000 
{"level":"info","message":"server is running on 5000"}
{"level":"info","message":"server is running on 5000","timestamp":"2021-12-01T10:15:08.243Z"}
{"level":"info","message":"server is running on 5000","timestamp":"2021-12-01T10:16:45.071Z"}
{"level":"info","message":"server is running on 5000","timestamp":"2021-12-01T10:17:05.361Z"}
{"level":"info","message":"server is running on 5000","timestamp":"2021-12-01T10:17:28.687Z"}
{"level":"info","message":"server is running on 5000","timestamp":"2021-12-01T10:20:55.227Z"}
{"level":"info","message":"server is running on 5000","timestamp":"2021-12-01T10:22:22.553Z"}
{"level":"info","message":"server is running on 5000","timestamp":"2021-12-01T10:22:38.275Z"}
{"level":"info","message":"server is running on 5000","timestamp":"2021-12-01T10:44:43.989Z"}
{"level":"info","message":"server is running on 5000","timestamp":"2021-12-01T10:47:35.661Z"}
{"level":"info","message":"server is running on 5000","timestamp":"2021-12-01T10:49:38.518Z"}
{"level":"info","message":"server is running on 5000","timestamp":"2021-12-01T10:54:12.922Z"}
{"level":"info","message":"server is running on 5000","timestamp":"2021-12-01T10:54:55.290Z"}
{"level":"info","message":"server is running on 5000","timestamp":"2021-12-01T10:55:39.469Z"}
{"level":"info","message":"server is running on 5000","timestamp":"2021-12-01T10:56:23.931Z"}
{"level":"info","message":"server is running on 5000","timestamp":"2021-12-01T10:59:08.879Z"}
{"level":"info","message":"server is running on 5000","timestamp":"2021-12-01T11:01:08.459Z"}
{"level":"info","message":"server is running on 5000","timestamp":"2021-12-01T11:03:27.349Z"}
{"level":"info","message":"server is running on 5000","timestamp":"2021-12-01T11:04:02.513Z"}
{"level":"info","message":"server is running on 5000","timestamp":"2021-12-01T11:05:05.849Z"}
{"data":{"RowCtor":null,"_parsers":[null,null],"_types":{"_types":{"arrayParser":{},"builtins":{"ABSTIME":702,"ACLITEM":1033,"BIT":1560,"BOOL":16,"BPCHAR":1042,"BYTEA":17,"CHAR":18,"CID":29,"CIDR":650,"CIRCLE":718,"DATE":1082,"FLOAT4":700,"FLOAT8":701,"GTSVECTOR":3642,"INET":869,"INT2":21,"INT4":23,"INT8":20,"INTERVAL":1186,"JSON":114,"JSONB":3802,"MACADDR":829,"MACADDR8":774,"MONEY":790,"NUMERIC":1700,"OID":26,"PATH":602,"PG_DEPENDENCIES":3402,"PG_LSN":3220,"PG_NDISTINCT":3361,"PG_NODE_TREE":194,"POLYGON":604,"REFCURSOR":1790,"REGCLASS":2205,"REGCONFIG":3734,"REGDICTIONARY":3769,"REGNAMESPACE":4089,"REGOPER":2203,"REGOPERATOR":2204,"REGPROC":24,"REGPROCEDURE":2202,"REGROLE":4096,"REGTYPE":2206,"RELTIME":703,"SMGR":210,"TEXT":25,"TID":27,"TIME":1083,"TIMESTAMP":1114,"TIMESTAMPTZ":1184,"TIMETZ":1266,"TINTERVAL":704,"TSQUERY":3615,"TSVECTOR":3614,"TXID_SNAPSHOT":2970,"UUID":2950,"VARBIT":1562,"VARCHAR":1043,"XID":28,"XML":142}},"binary":{},"text":{}},"command":"SELECT","fields":[{"columnID":1,"dataTypeID":1043,"dataTypeModifier":-1,"dataTypeSize":-1,"format":"text","name":"id","tableID":24576},{"columnID":2,"dataTypeID":1043,"dataTypeModifier":-1,"dataTypeSize":-1,"format":"text","name":"role","tableID":24576}],"oid":null,"rowAsArray":false,"rowCount":1,"rows":[{"id":"s143861","role":"admin"}]},"level":"info","message":"User has role","timestamp":"2021-12-01T11:05:13.307Z"}
{"level":"info","message":"server is running on 5000","timestamp":"2021-12-01T11:05:47.218Z"}
{"level":"info","message":"server is running on 5000","timestamp":"2021-12-01T11:05:57.811Z"}
{"level":"info","message":"server is running on 5000","timestamp":"2021-12-01T11:06:05.196Z"}
{"level":"info","message":"server is running on 5000","timestamp":"2021-12-01T11:06:06.676Z"}
{"level":"info","message":"server is running on 5000","timestamp":"2021-12-01T11:07:20.316Z"}
{"level":"info","message":"server is running on 5000","timestamp":"2021-12-01T11:08:17.867Z"}
{"level":"info","message":"server is running on 5000","timestamp":"2021-12-01T11:09:33.445Z"}
{"level":"info","message":"server is running on 5000","timestamp":"2021-12-01T11:10:05.753Z"}
{"level":"info","message":"server is running on 5000","timestamp":"2021-12-01T11:11:46.447Z"}
{"level":"info","message":"server is running on 5000","timestamp":"2021-12-01T11:12:30.792Z"}
{"level":"info","message":"server is running on 5000","timestamp":"2021-12-01T11:13:04.247Z"}
{"level":"info","message":"server is running on 5000","timestamp":"2021-12-01T11:14:06.539Z"}
{"level":"info","message":"server is running on 5000","timestamp":"2021-12-01T11:16:59.197Z"}
{"level":"info","message":"server is running on 5000","timestamp":"2021-12-01T11:23:41.624Z"}
{"level":"info","message":"server is running on 5000","timestamp":"2021-12-01T11:24:17.867Z"}
{"level":"info","message":"server is running on 5000","timestamp":"2021-12-01T11:25:10.686Z"}
{"level":"info","message":"server is running on 5000","timestamp":"2021-12-01T11:26:45.239Z"}
{"level":"info","message":"server is running on 5000","timestamp":"2021-12-01T11:28:08.179Z"}
{"level":"info","message":"server is running on 5000","timestamp":"2021-12-01T11:28:54.835Z"}
{"level":"info","message":"server is running on 5000","timestamp":"2021-12-02T11:43:57.894Z"}
{"data":{"code":"42703","file":"parse_relation.c","length":107,"line":"3589","name":"error","position":"32","routine":"errorMissingColumn","severity":"ERROR"},"level":"error","message":"Error getting roles from server","timestamp":"2021-12-02T11:44:30.431Z"}
{"level":"info","message":"server is running on 5000","timestamp":"2021-12-02T11:47:38.631Z"}
{"data":{"code":"42703","file":"parse_relation.c","length":107,"line":"3589","name":"error","position":"32","routine":"errorMissingColumn","severity":"ERROR"},"level":"error","message":"Error getting roles from server","timestamp":"2021-12-02T11:47:45.185Z"}
{"level":"info","message":"server is running on 5000","timestamp":"2021-12-02T11:48:23.961Z"}
{"data":{"code":"42703","file":"parse_relation.c","length":107,"line":"3589","name":"error","position":"32","routine":"errorMissingColumn","severity":"ERROR"},"level":"error","message":"Error getting roles from server","timestamp":"2021-12-02T11:48:32.720Z"}
{"level":"info","message":"lol","timestamp":"2021-12-02T11:48:32.720Z"}
{"level":"info","message":"server is running on 5000","timestamp":"2021-12-02T12:00:36.889Z"}
{"data":{"code":"42703","file":"parse_relation.c","length":107,"line":"3589","name":"error","position":"32","routine":"errorMissingColumn","severity":"ERROR"},"level":"error","message":"Error getting roles from server","timestamp":"2021-12-02T12:01:26.976Z"}
{"level":"info","message":"New user detected creating new user in database","timestamp":"2021-12-02T12:01:26.976Z"}
{"data":{},"level":"error","message":"Error creating new user in database","timestamp":"2021-12-02T12:01:26.976Z"}
{"level":"info","message":"server is running on 5000","timestamp":"2021-12-02T12:01:57.972Z"}
{"data":{"code":"42703","file":"parse_relation.c","length":107,"line":"3589","name":"error","position":"32","routine":"errorMissingColumn","severity":"ERROR"},"level":"error","message":"Error getting roles from server","timestamp":"2021-12-02T12:02:04.861Z"}
{"level":"info","message":"New user detected creating new user in database","timestamp":"2021-12-02T12:02:04.861Z"}
{"data":{"code":"23505","constraint":"roles_pk","detail":"Key (id)=(s143861) already exists.","file":"nbtinsert.c","length":182,"line":"663","name":"error","routine":"_bt_check_unique","schema":"public","severity":"ERROR","table":"roles"},"level":"error","message":"Error creating new user in database","timestamp":"2021-12-02T12:02:04.919Z"}
{"level":"info","message":"server is running on 5000","timestamp":"2021-12-02T12:02:35.244Z"}
{"data":{"code":"42703","file":"parse_relation.c","length":107,"line":"3589","name":"error","position":"32","routine":"errorMissingColumn","severity":"ERROR"},"level":"error","message":"Error getting roles from server","timestamp":"2021-12-02T12:02:41.039Z"}
{"level":"info","message":"New user detected creating new user in database","timestamp":"2021-12-02T12:02:41.039Z"}
{"level":"info","message":"server is running on 5000","timestamp":"2021-12-02T12:03:22.527Z"}
{"data":{"code":"42703","file":"parse_relation.c","length":107,"line":"3589","name":"error","position":"32","routine":"errorMissingColumn","severity":"ERROR"},"level":"error","message":"Error getting roles from server","timestamp":"2021-12-02T12:03:29.667Z"}
{"level":"info","message":"New user detected creating new user in database","timestamp":"2021-12-02T12:03:29.667Z"}
{"data":{"code":"23505","constraint":"roles_pk","detail":"Key (id)=(s145861) already exists.","file":"nbtinsert.c","length":182,"line":"663","name":"error","routine":"_bt_check_unique","schema":"public","severity":"ERROR","table":"roles"},"level":"error","message":"Error creating new user in database","timestamp":"2021-12-02T12:03:29.733Z"}
{"level":"info","message":"server is running on 5000","timestamp":"2021-12-02T12:05:04.350Z"}
{"level":"info","message":"New user detected creating new user in database","timestamp":"2021-12-02T12:05:12.654Z"}
{"data":{"code":"23505","constraint":"roles_pk","detail":"Key (id)=(s145861) already exists.","file":"nbtinsert.c","length":182,"line":"663","name":"error","routine":"_bt_check_unique","schema":"public","severity":"ERROR","table":"roles"},"level":"error","message":"Error creating new user in database","timestamp":"2021-12-02T12:05:12.660Z"}
{"level":"info","message":"server is running on 5000","timestamp":"2021-12-02T12:06:03.699Z"}
{"level":"info","message":"New user detected creating new user in database","timestamp":"2021-12-02T12:06:15.331Z"}
{"data":{"code":"23505","constraint":"roles_pk","detail":"Key (id)=(s145861) already exists.","file":"nbtinsert.c","length":182,"line":"663","name":"error","routine":"_bt_check_unique","schema":"public","severity":"ERROR","table":"roles"},"level":"error","message":"Error creating new user in database","timestamp":"2021-12-02T12:06:15.336Z"}
{"level":"info","message":"server is running on 5000","timestamp":"2021-12-02T12:08:57.195Z"}
{"level":"info","message":"New user detected creating new user in database","timestamp":"2021-12-02T12:09:08.815Z"}
{"data":{"code":"23505","constraint":"roles_pk","detail":"Key (id)=(s145861) already exists.","file":"nbtinsert.c","length":182,"line":"663","name":"error","routine":"_bt_check_unique","schema":"public","severity":"ERROR","table":"roles"},"level":"error","message":"Error creating new user in database","timestamp":"2021-12-02T12:09:08.821Z"}
{"level":"info","message":"server is running on 5000","timestamp":"2021-12-02T12:09:50.759Z"}
{"level":"info","message":"New user detected creating new user in database","timestamp":"2021-12-02T12:09:56.124Z"}
{"data":{"code":"23505","constraint":"roles_pk","detail":"Key (id)=(s143861) already exists.","file":"nbtinsert.c","length":182,"line":"663","name":"error","routine":"_bt_check_unique","schema":"public","severity":"ERROR","table":"roles"},"level":"error","message":"Error creating new user in database","timestamp":"2021-12-02T12:09:56.131Z"}
{"level":"info","message":"server is running on 5000","timestamp":"2021-12-02T12:12:17.064Z"}
{"level":"info","message":"getRole is undefined","timestamp":"2021-12-02T12:12:27.879Z"}
{"level":"info","message":"server is running on 5000","timestamp":"2021-12-02T12:12:46.262Z"}
{"level":"info","message":"server is running on 5000","timestamp":"2021-12-02T12:12:58.076Z"}
{"level":"info","message":"server is running on 5000","timestamp":"2021-12-02T12:14:45.196Z"}
{"level":"info","message":"server is running on 5000","timestamp":"2021-12-02T12:17:37.905Z"}
{"level":"info","message":"server is running on 5000","timestamp":"2021-12-02T12:18:04.561Z"}
{"level":"info","message":"server is running on 5000","timestamp":"2021-12-02T12:18:41.613Z"}
{"level":"info","message":"server is running on 5000","timestamp":"2021-12-02T12:19:19.921Z"}
{"level":"info","message":"server is running on 5000","timestamp":"2021-12-02T12:21:16.506Z"}
{"level":"info","message":"getRole is defined","timestamp":"2021-12-02T12:21:26.291Z"}
{"level":"info","message":"server is running on 5000","timestamp":"2021-12-02T12:21:36.418Z"}
{"level":"info","message":"getRole is defined","timestamp":"2021-12-02T12:21:42.270Z"}
{"level":"info","message":"server is running on 5000","timestamp":"2021-12-02T12:24:11.722Z"}
{"level":"info","message":"server is running on 5000","timestamp":"2021-12-02T12:24:33.379Z"}
{"level":"info","message":"getRole is defined","timestamp":"2021-12-02T12:24:41.509Z"}
{"level":"info","message":"server is running on 5000","timestamp":"2021-12-02T12:44:24.838Z"}
{"level":"info","message":"server is running on 5000","timestamp":"2021-12-02T12:45:40.905Z"}
{"level":"error","message":"lol","timestamp":"2021-12-02T12:45:49.061Z"}
{"level":"info","message":"server is running on 5000","timestamp":"2021-12-02T12:46:54.101Z"}
{"level":"info","message":"server is running on 5000","timestamp":"2021-12-02T12:48:03.861Z"}
{"level":"info","message":"server is running on 5000","timestamp":"2021-12-02T12:48:47.906Z"}
{"data":{},"level":"error","message":"An error occured while retrieving comments for card with id e","timestamp":"2021-12-02T12:48:49.863Z"}
{"level":"info","message":"server is running on 5000","timestamp":"2021-12-02T12:50:52.696Z"}
{"level":"info","message":"server is running on 5000","timestamp":"2021-12-02T12:51:15.136Z"}
{"level":"info","message":"server is running on 5000","timestamp":"2021-12-02T12:51:20.189Z"}
{"data":{},"level":"error","message":"An error occured while retrieving comments for card with id e","timestamp":"2021-12-02T12:51:22.588Z"}
{"level":"info","message":"server is running on 5000","timestamp":"2021-12-02T12:52:53.749Z"}
{"level":"info","message":"server is running on 5000","timestamp":"2021-12-02T12:53:47.465Z"}
{"data":{"code":"42703","file":"parse_relation.c","length":101,"line":"3589","name":"error","position":"39","routine":"errorMissingColumn","severity":"ERROR"},"level":"error","message":"An error occured while retrieving comments for card with id e","timestamp":"2021-12-02T12:53:51.986Z"}
{"level":"info","message":"server is running on 5000","timestamp":"2021-12-02T12:57:24.441Z"}
{"data":{"code":"42703","file":"parse_relation.c","length":101,"line":"3589","name":"error","position":"39","routine":"errorMissingColumn","severity":"ERROR"},"level":"error","message":"An error occured while retrieving comments for card with id e","timestamp":"2021-12-02T12:57:48.549Z"}
{"level":"info","message":"server is running on 5000","timestamp":"2021-12-02T12:57:54.739Z"}
{"level":"info","message":"server is running on 5000","timestamp":"2021-12-02T12:59:07.722Z"}
{"data":{"code":"42703","file":"parse_relation.c","length":101,"line":"3589","name":"error","position":"39","routine":"errorMissingColumn","severity":"ERROR"},"level":"error","message":"An error occured while retrieving comments for card with id e","timestamp":"2021-12-02T12:59:10.475Z"}
{"level":"info","message":"server is running on 5000","timestamp":"2021-12-02T13:12:10.542Z"}
{"level":"info","message":"server is running on 5000","timestamp":"2021-12-02T13:12:20.031Z"}
{"data":{"code":"42703","file":"parse_relation.c","length":101,"line":"3589","name":"error","position":"39","routine":"errorMissingColumn","severity":"ERROR"},"level":"error","message":"An error occured while retrieving comments for card with id e","timestamp":"2021-12-02T13:12:26.759Z"}
{"level":"info","message":"server is running on 5000","timestamp":"2021-12-02T13:12:46.250Z"}
{"data":{"code":"42703","file":"parse_relation.c","length":101,"line":"3589","name":"error","position":"39","routine":"errorMissingColumn","severity":"ERROR"},"level":"error","message":"An error occured while retrieving comments for card with id e","timestamp":"2021-12-02T13:12:48.366Z"}
{"level":"info","message":"server is running on 5000","timestamp":"2021-12-02T13:17:28.241Z"}
{"level":"info","message":"server is running on 5000","timestamp":"2021-12-02T13:23:18.993Z"}
{"level":"info","message":"server is running on 5000","timestamp":"2021-12-02T13:24:28.313Z"}
{"level":"info","message":"server is running on 5000","timestamp":"2021-12-02T13:26:11.919Z"}
{"level":"info","message":"getRole is defined","timestamp":"2021-12-02T13:26:36.272Z"}
{"level":"info","message":"server is running on 5000","timestamp":"2021-12-02T13:29:30.627Z"}
{"level":"info","message":"server is running on 5000","timestamp":"2021-12-02T13:45:20.227Z"}
{"level":"info","message":"getRole is defined","timestamp":"2021-12-02T13:47:45.836Z"}
{"level":"info","message":"getRole is defined","timestamp":"2021-12-02T13:53:25.116Z"}
{"level":"info","message":"server is running on 5000","timestamp":"2021-12-02T13:55:03.555Z"}
{"level":"info","message":"server is running on 5000","timestamp":"2021-12-02T13:55:31.858Z"}
{"level":"info","message":"server is running on 5000","timestamp":"2021-12-02T13:57:35.561Z"}
{"level":"info","message":"server is running on 5000","timestamp":"2021-12-02T13:58:06.989Z"}
{"level":"info","message":"server is running on 5000","timestamp":"2021-12-02T13:58:19.187Z"}
{"level":"info","message":"server is running on 5000","timestamp":"2021-12-02T14:01:22.105Z"}
{"level":"info","message":"server is running on 5000","timestamp":"2021-12-02T14:01:26.112Z"}
{"level":"info","message":"server is running on 5000","timestamp":"2021-12-02T14:01:31.834Z"}
{"level":"info","message":"server is running on 5000","timestamp":"2021-12-02T14:01:35.920Z"}
{"level":"info","message":"server is running on 5000","timestamp":"2021-12-02T14:02:00.917Z"}
{"level":"info","message":"server is running on 5000","timestamp":"2021-12-02T14:02:04.887Z"}
{"level":"info","message":"server is running on 5000","timestamp":"2021-12-02T14:02:45.268Z"}
{"level":"info","message":"server is running on 5000","timestamp":"2021-12-02T14:03:58.311Z"}
{"level":"info","message":"server is running on 5000","timestamp":"2021-12-02T14:04:17.575Z"}
{"level":"info","message":"server is running on 5000","timestamp":"2021-12-02T14:04:30.215Z"}
{"level":"info","message":"server is running on 5000","timestamp":"2021-12-02T14:06:45.688Z"}
{"level":"info","message":"server is running on 5000","timestamp":"2021-12-02T14:07:37.961Z"}
{"level":"info","message":"server is running on 5000","timestamp":"2021-12-02T14:08:03.191Z"}
{"level":"info","message":"server is running on 5000","timestamp":"2021-12-02T14:08:39.839Z"}
{"level":"info","message":"server is running on 5000","timestamp":"2021-12-02T14:09:42.426Z"}
{"level":"info","message":"server is running on 5000","timestamp":"2021-12-02T14:10:06.839Z"}
{"level":"info","message":"server is running on 5000","timestamp":"2021-12-02T14:12:33.275Z"}
{"level":"info","message":"server is running on 5000","timestamp":"2021-12-02T14:12:57.485Z"}
{"level":"info","message":"server is running on 5000","timestamp":"2021-12-02T14:13:11.906Z"}
{"level":"info","message":"server is running on 5000","timestamp":"2021-12-02T14:13:43.018Z"}
{"level":"info","message":"server is running on 5000","timestamp":"2021-12-02T14:13:51.186Z"}
{"level":"info","message":"server is running on 5000","timestamp":"2021-12-02T14:14:05.499Z"}
{"level":"info","message":"server is running on 5000","timestamp":"2021-12-02T14:16:15.049Z"}
{"level":"info","message":"server is running on 5000","timestamp":"2021-12-02T14:17:03.559Z"}
{"level":"info","message":"server is running on 5000","timestamp":"2021-12-02T14:17:34.029Z"}
{"level":"info","message":"server is running on 5000","timestamp":"2021-12-02T14:17:43.292Z"}
{"level":"info","message":"server is running on 5000","timestamp":"2021-12-02T14:17:48.065Z"}
{"level":"info","message":"server is running on 5000","timestamp":"2021-12-02T14:17:58.097Z"}
{"level":"info","message":"server is running on 5000","timestamp":"2021-12-02T14:23:53.745Z"}
{"level":"info","message":"server is running on 5000","timestamp":"2021-12-02T14:25:09.427Z"}
{"level":"info","message":"server is running on 5000","timestamp":"2021-12-02T14:27:00.198Z"}
{"level":"info","message":"server is running on 5000","timestamp":"2021-12-02T14:27:12.280Z"}
{"level":"info","message":"server is running on 5000","timestamp":"2021-12-02T14:31:47.134Z"}
{"level":"info","message":"server is running on 5000","timestamp":"2021-12-02T14:33:04.733Z"}
{"level":"info","message":"server is running on 5000","timestamp":"2021-12-02T14:34:30.513Z"}
{"level":"info","message":"server is running on 5000","timestamp":"2021-12-02T14:36:28.772Z"}
{"level":"info","message":"server is running on 5000","timestamp":"2021-12-02T14:37:25.617Z"}
{"level":"info","message":"server is running on 5000","timestamp":"2021-12-02T14:37:41.470Z"}
{"level":"info","message":"server is running on 5000","timestamp":"2021-12-02T14:40:03.236Z"}
{"level":"info","message":"server is running on 5000","timestamp":"2021-12-02T14:40:27.480Z"}
{"level":"info","message":"server is running on 5000","timestamp":"2021-12-02T14:41:23.745Z"}
{"level":"info","message":"server is running on 5000","timestamp":"2021-12-02T14:41:25.465Z"}
{"level":"info","message":"server is running on 5000","timestamp":"2021-12-02T14:42:59.882Z"}
{"level":"info","message":"server is running on 5000","timestamp":"2021-12-02T14:44:52.238Z"}
{"level":"info","message":"getRole is defined","timestamp":"2021-12-02T14:45:33.413Z"}
{"level":"info","message":"server is running on 5000","timestamp":"2021-12-02T14:54:48.620Z"}
{"level":"info","message":"server is running on 5000","timestamp":"2021-12-02T14:56:49.173Z"}
